Microsoft (R) Macro Assembler Version 14.28.29335.0	    03/04/21 17:54:20
4String Primitives and Macros     (Proj6_bairdjo.asm	     Page 1 - 1


				TITLE String Primitives and Macros     (Proj6_bairdjo.asm)

				; Author: Jon Baird
				; Last Modified: 3/4/2021
				; OSU email address: bairdjo@oregonstate.edu
				; Course number/section:   CS271 Section 401
				; Project Number: 6                Due Date: 3/14/2021
				; Description: This program reads 10 signed integers from the user via console input
				;              then calculates the sum and average and displays to the user.

				INCLUDE Irvine32.inc
			      C ; Include file for Irvine32.lib             (Irvine32.inc)
			      C 
			      C ;OPTION CASEMAP:NONE		; optional: make identifiers case-sensitive
			      C 
			      C INCLUDE SmallWin.inc		; MS-Windows prototypes, structures, and constants
			      C .NOLIST
			      C .LIST
			      C 
			      C INCLUDE VirtualKeys.inc
			      C ; VirtualKeys.inc
			      C .NOLIST
			      C .LIST
			      C 
			      C 
			      C .NOLIST
			      C .LIST
			      C 

				; (insert macro definitions here)
				mGetString MACRO prompt:REQ, output:REQ, size:REQ, bytesRead:REQ
					PUSH	EDX
					PUSH	ECX
					PUSH	EAX
					MOV		EDX, prompt
					CALL	WriteString
					MOV		EDX, output
					MOV		ECX, size
					CALL	ReadString
					MOV		EDI, bytesRead
					MOV		[EDI], EAX
					POP		EAX
					POP		ECX
					POP		EDX
				ENDM

				mDisplayString MACRO string
					PUSH	EDX
					MOV		EDX, string
					CALL	WriteString
					POP		EDX
				ENDM

				; (insert constant definitions here)
 = 0000000A			TEST_COUNT = 10
				;MAX_NUM = 2147483647
				;MIN_NUM = -2147483648


 00000000			.data
 00000000  0000000A [		numArray		SDWORD	TEST_COUNT DUP(?)
	    00000000
	   ]
 00000028  00000014 [		stringIntInput	BYTE	20 DUP(0)			; only 12 byte necessary (10 for digits, 1 for sign, 1 for null termination)
	    00
	   ]
 0000003C  00000014 [		stringIntOutput	BYTE	20 DUP(0)			; only 12 byte necessary (10 for digits, 1 for sign, 1 for null termination)
	    00
	   ]
 00000050 00000000		value			SDWORD	?
 00000054 00000000		bytesRead		DWORD	?
 00000058 50 72 6F 6A 65	greeting		BYTE	"Project 6: Designing low-level I/O procedures.     By: Jon Baird",13,10,13,10,0
	   63 74 20 36 3A
	   20 44 65 73 69
	   67 6E 69 6E 67
	   20 6C 6F 77 2D
	   6C 65 76 65 6C
	   20 49 2F 4F 20
	   70 72 6F 63 65
	   64 75 72 65 73
	   2E 20 20 20 20
	   20 42 79 3A 20
	   4A 6F 6E 20 42
	   61 69 72 64 0D
	   0A 0D 0A 00
 0000009D 50 6C 65 61 73	instructions	BYTE	"Please provide 10 signed decimal integers. ",13,10,
	   65 20 70 72 6F
	   76 69 64 65 20
	   31 30 20 73 69
	   67 6E 65 64 20
	   64 65 63 69 6D
	   61 6C 20 69 6E
	   74 65 67 65 72
	   73 2E 20 0D 0A
	   45 61 63 68 20
	   6E 75 6D 62 65
	   72 20 6E 65 65
	   64 73 20 74 6F
	   20 62 65 20 73
	   6D 61 6C 6C 20
	   65 6E 6F 75 67
	   68 20 74 6F 20
	   66 69 74 20 69
	   6E 73 69 64 65
	   20 61 20 33 32
	   20 62 69 74 20
	   72 65 67 69 73
	   74 65 72 2E 20
	   0D 0A 41 66 74
	   65 72 20 79 6F
	   75 20 68 61 76
	   65 20 66 69 6E
	   69 73 68 65 64
	   20 69 6E 70 75
	   74 74 69 6E 67
	   20 74 68 65 20
	   72 61 77 20 6E
	   75 6D 62 65 72
	   73 20 49 20 77
	   69 6C 6C 20 64
	   69 73 70 6C 61
	   79 20 61 20 6C
	   69 73 74 20 6F
	   66 20 74 68 65
	   20 69 6E 74 65
	   67 65 72 73 2C
	   20 0D 0A 74 68
	   65 69 72 20 73
	   75 6D 2C 20 61
	   6E 64 20 74 68
	   65 69 72 20 61
	   76 65 72 61 67
	   65 20 76 61 6C
	   75 65 2E 0D 0A
	   0D 0A 00
										"Each number needs to be small enough to fit inside a 32 bit register. ",13,10,
										"After you have finished inputting the raw numbers I will display a list of the integers, ",13,10,
										"their sum, and their average value.",13,10,13,10,0
 00000195 50 6C 65 61 73	prompt			BYTE	"Please enter a signed intger: ",0
	   65 20 65 6E 74
	   65 72 20 61 20
	   73 69 67 6E 65
	   64 20 69 6E 74
	   67 65 72 3A 20
	   00
 000001B4 45 52 52 4F 52	invalidMsg		BYTE	"ERROR. You did not enter a signed number or your number was too big.",13,10,0
	   2E 20 59 6F 75
	   20 64 69 64 20
	   6E 6F 74 20 65
	   6E 74 65 72 20
	   61 20 73 69 67
	   6E 65 64 20 6E
	   75 6D 62 65 72
	   20 6F 72 20 79
	   6F 75 72 20 6E
	   75 6D 62 65 72
	   20 77 61 73 20
	   74 6F 6F 20 62
	   69 67 2E 0D 0A
	   00

 00000000			.code
 00000000			main PROC
					; introduce the program
 00000000  BA 00000058 R		MOV		EDX, OFFSET greeting
 00000005  E8 00000000 E		CALL	WriteString
 0000000A  BA 0000009D R		MOV		EDX, OFFSET instructions
 0000000F  E8 00000000 E		CALL	WriteString

					; get a number
 00000014  68 000001B4 R		PUSH	OFFSET invalidMsg
 00000019  68 00000050 R		PUSH	OFFSET value		; PLACEHOLDER - replace with array location
 0000001E  68 00000054 R		PUSH	OFFSET bytesRead
 00000023  6A 14			PUSH	SIZEOF stringIntInput
 00000025  68 00000028 R		PUSH	OFFSET stringIntInput
 0000002A  68 00000195 R		PUSH	OFFSET prompt
 0000002F  E8 0000004D			CALL	ReadVal
 00000034  E8 00000000 E		CALL	CrLf

					; PLACEHOLDER - used to verify correctness of string integer --> number integer conversion
 00000039  A1 00000050 R		MOV		EAX, value
 0000003E  E8 00000000 E		CALL	WriteInt
 00000043  E8 00000000 E		CALL	CrLf

					; PLACEHOLDER - used to verify correctness of mDisplayString macro
					mDisplayString OFFSET stringIntInput
 00000048  52		     1		PUSH	EDX
 00000049  BA 00000028 R     1		MOV		EDX, OFFSET stringIntInput
 0000004E  E8 00000000 E     1		CALL	WriteString
 00000053  5A		     1		POP		EDX
 00000054  E8 00000000 E		CALL	CrLf
 00000059  A1 00000054 R		MOV		EAX, bytesRead
 0000005E  E8 00000000 E		CALL	WriteDec
 00000063  E8 00000000 E		CALL	CrLF

 00000068  6A 14			PUSH	SIZEOF stringIntOutput
 0000006A  68 0000003C R		PUSH	OFFSET stringIntOutput
 0000006F  FF 35 00000050 R		PUSH	value				; PLACEHOLDER - replace with array value
 00000075  E8 000000A6			CALL	WriteVal
					Invoke ExitProcess,0	; exit to operating system
 0000007A  6A 00	   *	    push   +000000000h
 0000007C  E8 00000000 E   *	    call   ExitProcess
 00000081			main ENDP

				; ------------------------------------------------------------------------------------
				; Name: ReadVal
				; Description: [++++++++++++TBU++++++++++++]
				; Preconditions: [++++++++++++TBU++++++++++++]
				; Postconditions: [++++++++++++TBU++++++++++++]
				; Receives: 
				;	[EBP + 8] = address of a prompt to display to the user
				;	[EBP + 12] = address of the location to which the integer string will be saved
				;	[EBP + 16] = value, the maximum number of BYTES which can be read
				;	[EBP + 20] = address of the count of the number of BYTES actually read
				;	[EBP + 24] = address of the location to which the integer number will be saved
				;	[EBP + 28] = address of the message if the input was invalid.
				; Returns:  [++++++++++++TBU++++++++++++]
				;
				; TODO - refactor with LOCAL variable?
				; TODO - this incorrectly reads an overflow for -2147483648
				; ------------------------------------------------------------------------------------
 00000081			ReadVal PROC
					; set up local variables and preserve registers
					LOCAL	Sign:DWORD, MultipliedVal:SDWORD
 00000081  55		   *	    push   ebp
 00000082  8B EC	   *	    mov    ebp, esp
 00000084  83 C4 F8	   *	    add    esp, 0FFFFFFF8h
 00000087  56				PUSH	ESI
 00000088  50				PUSH	EAX
 00000089  53				PUSH	EBX
 0000008A  52				PUSH	EDX
 0000008B			_getString:
					mGetString [EBP + 8], [EBP + 12], [EBP + 16], [EBP + 20]
 0000008B  52		     1		PUSH	EDX
 0000008C  51		     1		PUSH	ECX
 0000008D  50		     1		PUSH	EAX
 0000008E  8B 55 08	     1		MOV		EDX, [EBP + 8]
 00000091  E8 00000000 E     1		CALL	WriteString
 00000096  8B 55 0C	     1		MOV		EDX, [EBP + 12]
 00000099  8B 4D 10	     1		MOV		ECX, [EBP + 16]
 0000009C  E8 00000000 E     1		CALL	ReadString
 000000A1  8B 7D 14	     1		MOV		EDI, [EBP + 20]
 000000A4  89 07	     1		MOV		[EDI], EAX
 000000A6  58		     1		POP		EAX
 000000A7  59		     1		POP		ECX
 000000A8  5A		     1		POP		EDX
					; set up the registers
 000000A9  8B 75 14			MOV		ESI, [EBP + 20]
 000000AC  8B 0E			MOV		ECX, [ESI]				; length of string as the counter	
 000000AE  8B 75 0C			MOV		ESI, [EBP + 12]			; address of the integer string as source
 000000B1  8B 7D 18			MOV		EDI, [EBP + 24]			; address of destination (SDWORD)
 000000B4  C7 45 FC			MOV		Sign, 0					; set up the sign as 0 (for positive)
	   00000000
 000000BB  FC				CLD								; iterate forwards through array
					
					; see if the first digit is a '+' or a '-'
 000000BC  AC				LODSB
 000000BD  3C 2B			CMP		AL, 43
 000000BF  74 13			JE		_plusSymbol
 000000C1  3C 2D			CMP		AL, 45
 000000C3  74 08			JE		_minusSymbol
					; if no symbol, decrement ESI in order to re-evaluate that digit again; empty accumulator to set up the loop
 000000C5  4E				DEC		ESI
 000000C6  B8 00000000			MOV		EAX, 0
 000000CB  EB 0F			JMP		_charLoop

 000000CD			_minusSymbol:
					; if first digit is a '-' change the sign to 1 (for negative)
 000000CD  C7 45 FC			MOV		Sign, 1
	   00000001
 000000D4			_plusSymbol:
					; for either symbol, decrement the char count; empty accumulator to set up the loop
 000000D4  49				DEC		ECX
 000000D5  B8 00000000			MOV		EAX, 0
 000000DA  EB 00			JMP		_charLoop

 000000DC			_charLoop:
					; multiply accumulator by 10 and temporarily store into local variable
 000000DC  BB 0000000A			MOV		EBX, 10
 000000E1  F7 EB			IMUL	EBX
 000000E3  70 26			JO		_notValid
 000000E5  89 45 F8			MOV		MultipliedVal, EAX
					; load the integer string digit, subtract by 48 to convert from ASCII to integer number
 000000E8  B8 00000000			MOV		EAX, 0					; empty the upper range of the accumulator
 000000ED  AC				LODSB
 000000EE  3C 30			CMP		AL, 48
 000000F0  72 19			JB		_notValid
 000000F2  3C 39			CMP		AL, 57
 000000F4  77 15			JA		_notValid
 000000F6  2C 30			SUB		AL, 48
					; if sign is negative, change the value to negative
 000000F8  83 7D FC 00			CMP		Sign, 0
 000000FC  74 02			JE		_positive
 000000FE  F7 D8			NEG		EAX	
 00000100			_positive:
					; add the prior accumulator to this number and loop to next digit
 00000100  03 45 F8			ADD		EAX, MultipliedVal
 00000103  70 06			JO		_notValid
 00000105  E2 D5			LOOP	_charLoop
					; store final value into the output and end
 00000107  89 07			MOV		[EDI], EAX
 00000109  EB 0D			JMP		_end

 0000010B			_notValid:
					; print an error message to the user and go back to get another string
 0000010B  8B 55 1C			MOV		EDX, [EBP + 28]
 0000010E  E8 00000000 E		CALL	WriteString
 00000113  E9 FFFFFF73			JMP		_getString

 00000118			_end:
					; restore registers and return
 00000118  5A				POP		EDX
 00000119  5B				POP		EBX
 0000011A  58				POP		EAX
 0000011B  5E				POP		ESI
 0000011C  C9		   *	    leave  
 0000011D  C2 0018			RET		24
 00000120			ReadVal ENDP


				; ------------------------------------------------------------------------------------
				; Name: WriteVal
				; Description: [++++++++++++TBU++++++++++++]
				; Preconditions: [++++++++++++TBU++++++++++++] [the address of the location is long enough to store the value plus a null terminator (i.e. 12)]
				; Postconditions: [++++++++++++TBU++++++++++++]
				; Receives: 
				;	[EBP + 8] = value of the number to convert to string & display
				;	[EBP + 12] = address of the location to which the string representation will be saved
				;	[EBP + 16] = value, the number of BYTES of the string representation
				; Returns: [++++++++++++TBU++++++++++++]
				; ------------------------------------------------------------------------------------
 00000120			WriteVal PROC
					; preserve registers
					LOCAL	number:SDWORD, divisor:DWORD
 00000120  55		   *	    push   ebp
 00000121  8B EC	   *	    mov    ebp, esp
 00000123  83 C4 F8	   *	    add    esp, 0FFFFFFF8h
 00000126  50				PUSH	EAX
 00000127  53				PUSH	EBX
 00000128  51				PUSH	ECX
 00000129  52				PUSH	EDX
 0000012A  57				PUSH	EDI
 0000012B  56				PUSH	ESI
					
					; set up initial registers
 0000012C  8B 75 08			MOV		ESI, [EBP + 8]
 0000012F  89 75 FC			MOV		number, ESI				; move the number into local variable
 00000132  8B 7D 0C			MOV		EDI, [EBP + 12]			; address of destination (BYTE string)
 00000135  B9 00000001			MOV		ECX, 1					; to be set by digitCountLoop (987 will have ECX of 3; 9876 will have ECX of 4)
 0000013A  C7 45 F8			MOV		divisor, 1				; to be set by digitCountLoop (987 will have divisor of 100; 9876 will have divisor of 10000)
	   00000001

					; if number is negative, make the first element of the string a '-', then convert number to positive
 00000141  83 7D FC 00			CMP		number, 0
 00000145  7D 06			JGE		_digitCountLoop
 00000147  B0 2D			MOV		AL, "-"
 00000149  AA				STOSB
 0000014A  F7 5D FC			NEG		DWORD PTR number

					; figure out how many digits are in the number; this loop sets ECX and divisor (as noted above)
 0000014D			_digitCountLoop:
					; divide the number by divisor; if the quotient is a single digit, then the appropriate number of digits has been found
 0000014D  8B 45 FC			MOV		EAX, number
 00000150  BA 00000000			MOV		EDX, 0
 00000155  F7 75 F8			DIV		divisor
 00000158  83 F8 0A			CMP		EAX, 10
 0000015B  72 10			JB		_digitToStringLoop
					; otherwise, multiply the divisor by 10, increment the counter by 1, and repeat
 0000015D  8B 45 F8			MOV		EAX, divisor
 00000160  BB 0000000A			MOV		EBX, 10
 00000165  F7 E3			MUL		EBX
 00000167  89 45 F8			MOV		divisor, EAX
 0000016A  41				INC		ECX
 0000016B  EB E0			JMP		_digitCountLoop

 0000016D			_digitToStringLoop:
					; divide the number by the divisor, store the remainder as the next iteration's starting number
 0000016D  8B 45 FC			MOV		EAX, number
 00000170  BA 00000000			MOV		EDX, 0
 00000175  F7 75 F8			DIV		divisor
 00000178  89 55 FC			MOV		number, EDX
					; convert the quotient into its ASCII representation and store in the array
 0000017B  04 30			ADD		AL, 48
 0000017D  AA				STOSB
					; divide the divisor by 10
 0000017E  8B 45 F8			MOV		EAX, divisor
 00000181  BA 00000000			MOV		EDX, 0
 00000186  BB 0000000A			MOV		EBX, 10
 0000018B  F7 F3			DIV		EBX
 0000018D  89 45 F8			MOV		divisor, EAX
 00000190  E2 DB			LOOP	_digitToStringLoop

					mDisplayString [EBP + 12]
 00000192  52		     1		PUSH	EDX
 00000193  8B 55 0C	     1		MOV		EDX, [EBP + 12]
 00000196  E8 00000000 E     1		CALL	WriteString
 0000019B  5A		     1		POP		EDX

 0000019C			_end:
					; restore registers and return
 0000019C  5E				POP		ESI
 0000019D  5F				POP		EDI
 0000019E  5A				POP		EDX
 0000019F  59				POP		ECX
 000001A0  5B				POP		EBX
 000001A1  58				POP		EAX
 000001A2  C9		   *	    leave  
 000001A3  C2 000C			RET		12
 000001A6			WriteVal ENDP


				END main
Microsoft (R) Macro Assembler Version 14.28.29335.0	    03/04/21 17:54:20
4String Primitives and Macros     (Proj6_bairdjo.asm	     Symbols 2 - 1




Macros:

                N a m e                 Type

mDisplayString . . . . . . . . .	Proc
mGetString . . . . . . . . . . .	Proc


Structures and Unions:

                N a m e                  Size
                                         Offset      Type

CONSOLE_CURSOR_INFO  . . . . . .	 00000008
  dwSize . . . . . . . . . . . .	 00000000	 DWord
  bVisible . . . . . . . . . . .	 00000004	 DWord
CONSOLE_SCREEN_BUFFER_INFO . . .	 00000016
  dwSize . . . . . . . . . . . .	 00000000	 DWord
  dwCursorPosition . . . . . . .	 00000004	 DWord
  wAttributes  . . . . . . . . .	 00000008	 Word
  srWindow . . . . . . . . . . .	 0000000A	 QWord
  dwMaximumWindowSize  . . . . .	 00000012	 DWord
COORD  . . . . . . . . . . . . .	 00000004
  X  . . . . . . . . . . . . . .	 00000000	 Word
  Y  . . . . . . . . . . . . . .	 00000002	 Word
FILETIME . . . . . . . . . . . .	 00000008
  loDateTime . . . . . . . . . .	 00000000	 DWord
  hiDateTime . . . . . . . . . .	 00000004	 DWord
FOCUS_EVENT_RECORD . . . . . . .	 00000004
  bSetFocus  . . . . . . . . . .	 00000000	 DWord
FPU_ENVIRON  . . . . . . . . . .	 0000001C
  controlWord  . . . . . . . . .	 00000000	 Word
  statusWord . . . . . . . . . .	 00000004	 Word
  tagWord  . . . . . . . . . . .	 00000008	 Word
  instrPointerOffset . . . . . .	 0000000C	 DWord
  instrPointerSelector . . . . .	 00000010	 DWord
  operandPointerOffset . . . . .	 00000014	 DWord
  operandPointerSelector . . . .	 00000018	 Word
INPUT_RECORD . . . . . . . . . .	 00000014
  EventType  . . . . . . . . . .	 00000000	 Word
  Event  . . . . . . . . . . . .	 00000004	 XmmWord
  bKeyDown . . . . . . . . . . .	 00000000	 DWord
  wRepeatCount . . . . . . . . .	 00000004	 Word
  wVirtualKeyCode  . . . . . . .	 00000006	 Word
  wVirtualScanCode . . . . . . .	 00000008	 Word
  uChar  . . . . . . . . . . . .	 0000000A	 Word
  UnicodeChar  . . . . . . . . .	 00000000	 Word
  AsciiChar  . . . . . . . . . .	 00000000	 Byte
  dwControlKeyState  . . . . . .	 0000000C	 DWord
  dwMousePosition  . . . . . . .	 00000000	 DWord
  dwButtonState  . . . . . . . .	 00000004	 DWord
  dwMouseControlKeyState . . . .	 00000008	 DWord
  dwEventFlags . . . . . . . . .	 0000000C	 DWord
  dwSize . . . . . . . . . . . .	 00000000	 DWord
  dwCommandId  . . . . . . . . .	 00000000	 DWord
  bSetFocus  . . . . . . . . . .	 00000000	 DWord
KEY_EVENT_RECORD . . . . . . . .	 00000010
  bKeyDown . . . . . . . . . . .	 00000000	 DWord
  wRepeatCount . . . . . . . . .	 00000004	 Word
  wVirtualKeyCode  . . . . . . .	 00000006	 Word
  wVirtualScanCode . . . . . . .	 00000008	 Word
  uChar  . . . . . . . . . . . .	 0000000A	 Word
  UnicodeChar  . . . . . . . . .	 00000000	 Word
  AsciiChar  . . . . . . . . . .	 00000000	 Byte
  dwControlKeyState  . . . . . .	 0000000C	 DWord
MENU_EVENT_RECORD  . . . . . . .	 00000004
  dwCommandId  . . . . . . . . .	 00000000	 DWord
MOUSE_EVENT_RECORD . . . . . . .	 00000010
  dwMousePosition  . . . . . . .	 00000000	 DWord
  dwButtonState  . . . . . . . .	 00000004	 DWord
  dwMouseControlKeyState . . . .	 00000008	 DWord
  dwEventFlags . . . . . . . . .	 0000000C	 DWord
SMALL_RECT . . . . . . . . . . .	 00000008
  Left . . . . . . . . . . . . .	 00000000	 Word
  Top  . . . . . . . . . . . . .	 00000002	 Word
  Right  . . . . . . . . . . . .	 00000004	 Word
  Bottom . . . . . . . . . . . .	 00000006	 Word
SYSTEMTIME . . . . . . . . . . .	 00000010
  wYear  . . . . . . . . . . . .	 00000000	 Word
  wMonth . . . . . . . . . . . .	 00000002	 Word
  wDayOfWeek . . . . . . . . . .	 00000004	 Word
  wDay . . . . . . . . . . . . .	 00000006	 Word
  wHour  . . . . . . . . . . . .	 00000008	 Word
  wMinute  . . . . . . . . . . .	 0000000A	 Word
  wSecond  . . . . . . . . . . .	 0000000C	 Word
  wMilliseconds  . . . . . . . .	 0000000E	 Word
WINDOW_BUFFER_SIZE_RECORD  . . .	 00000004
  dwSize . . . . . . . . . . . .	 00000000	 DWord


Segments and Groups:

                N a m e                 Size     Length   Align   Combine Class

FLAT . . . . . . . . . . . . . .	GROUP
STACK  . . . . . . . . . . . . .	32 Bit	 00001000 Para	  Stack	  'STACK'	 
_DATA  . . . . . . . . . . . . .	32 Bit	 000001FB Para	  Public  'DATA'	
_TEXT  . . . . . . . . . . . . .	32 Bit	 000001A6 Para	  Public  'CODE'	


Procedures, parameters, and locals:

                N a m e                 Type     Value    Attr

CloseFile  . . . . . . . . . . .	P Near	 00000000 FLAT	Length= 00000000 External STDCALL
CloseHandle  . . . . . . . . . .	P Near	 00000000 FLAT	Length= 00000000 External STDCALL
Clrscr . . . . . . . . . . . . .	P Near	 00000000 FLAT	Length= 00000000 External STDCALL
CreateFileA  . . . . . . . . . .	P Near	 00000000 FLAT	Length= 00000000 External STDCALL
CreateOutputFile . . . . . . . .	P Near	 00000000 FLAT	Length= 00000000 External STDCALL
Crlf . . . . . . . . . . . . . .	P Near	 00000000 FLAT	Length= 00000000 External STDCALL
Delay  . . . . . . . . . . . . .	P Near	 00000000 FLAT	Length= 00000000 External STDCALL
DumpMem  . . . . . . . . . . . .	P Near	 00000000 FLAT	Length= 00000000 External STDCALL
DumpRegs . . . . . . . . . . . .	P Near	 00000000 FLAT	Length= 00000000 External STDCALL
ExitProcess  . . . . . . . . . .	P Near	 00000000 FLAT	Length= 00000000 External STDCALL
FileTimeToDosDateTime  . . . . .	P Near	 00000000 FLAT	Length= 00000000 External STDCALL
FileTimeToSystemTime . . . . . .	P Near	 00000000 FLAT	Length= 00000000 External STDCALL
FlushConsoleInputBuffer  . . . .	P Near	 00000000 FLAT	Length= 00000000 External STDCALL
FormatMessageA . . . . . . . . .	P Near	 00000000 FLAT	Length= 00000000 External STDCALL
GetCommandLineA  . . . . . . . .	P Near	 00000000 FLAT	Length= 00000000 External STDCALL
GetCommandTail . . . . . . . . .	P Near	 00000000 FLAT	Length= 00000000 External STDCALL
GetConsoleCP . . . . . . . . . .	P Near	 00000000 FLAT	Length= 00000000 External STDCALL
GetConsoleCursorInfo . . . . . .	P Near	 00000000 FLAT	Length= 00000000 External STDCALL
GetConsoleMode . . . . . . . . .	P Near	 00000000 FLAT	Length= 00000000 External STDCALL
GetConsoleScreenBufferInfo . . .	P Near	 00000000 FLAT	Length= 00000000 External STDCALL
GetDateTime  . . . . . . . . . .	P Near	 00000000 FLAT	Length= 00000000 External STDCALL
GetFileTime  . . . . . . . . . .	P Near	 00000000 FLAT	Length= 00000000 External STDCALL
GetKeyState  . . . . . . . . . .	P Near	 00000000 FLAT	Length= 00000000 External STDCALL
GetLastError . . . . . . . . . .	P Near	 00000000 FLAT	Length= 00000000 External STDCALL
GetLocalTime . . . . . . . . . .	P Near	 00000000 FLAT	Length= 00000000 External STDCALL
GetMaxXY . . . . . . . . . . . .	P Near	 00000000 FLAT	Length= 00000000 External STDCALL
GetMseconds  . . . . . . . . . .	P Near	 00000000 FLAT	Length= 00000000 External STDCALL
GetNumberOfConsoleInputEvents  .	P Near	 00000000 FLAT	Length= 00000000 External STDCALL
GetProcessHeap . . . . . . . . .	P Near	 00000000 FLAT	Length= 00000000 External STDCALL
GetStdHandle . . . . . . . . . .	P Near	 00000000 FLAT	Length= 00000000 External STDCALL
GetSystemTime  . . . . . . . . .	P Near	 00000000 FLAT	Length= 00000000 External STDCALL
GetTextColor . . . . . . . . . .	P Near	 00000000 FLAT	Length= 00000000 External STDCALL
GetTickCount . . . . . . . . . .	P Near	 00000000 FLAT	Length= 00000000 External STDCALL
Gotoxy . . . . . . . . . . . . .	P Near	 00000000 FLAT	Length= 00000000 External STDCALL
HeapAlloc  . . . . . . . . . . .	P Near	 00000000 FLAT	Length= 00000000 External STDCALL
HeapCreate . . . . . . . . . . .	P Near	 00000000 FLAT	Length= 00000000 External STDCALL
HeapDestroy  . . . . . . . . . .	P Near	 00000000 FLAT	Length= 00000000 External STDCALL
HeapFree . . . . . . . . . . . .	P Near	 00000000 FLAT	Length= 00000000 External STDCALL
HeapSize . . . . . . . . . . . .	P Near	 00000000 FLAT	Length= 00000000 External STDCALL
IsDigit  . . . . . . . . . . . .	P Near	 00000000 FLAT	Length= 00000000 External STDCALL
LocalFree  . . . . . . . . . . .	P Near	 00000000 FLAT	Length= 00000000 External STDCALL
MessageBoxA  . . . . . . . . . .	P Near	 00000000 FLAT	Length= 00000000 External STDCALL
MsgBoxAsk  . . . . . . . . . . .	P Near	 00000000 FLAT	Length= 00000000 External STDCALL
MsgBox . . . . . . . . . . . . .	P Near	 00000000 FLAT	Length= 00000000 External STDCALL
OpenInputFile  . . . . . . . . .	P Near	 00000000 FLAT	Length= 00000000 External STDCALL
ParseDecimal32 . . . . . . . . .	P Near	 00000000 FLAT	Length= 00000000 External STDCALL
ParseInteger32 . . . . . . . . .	P Near	 00000000 FLAT	Length= 00000000 External STDCALL
PeekConsoleInputA  . . . . . . .	P Near	 00000000 FLAT	Length= 00000000 External STDCALL
Random32 . . . . . . . . . . . .	P Near	 00000000 FLAT	Length= 00000000 External STDCALL
RandomRange  . . . . . . . . . .	P Near	 00000000 FLAT	Length= 00000000 External STDCALL
Randomize  . . . . . . . . . . .	P Near	 00000000 FLAT	Length= 00000000 External STDCALL
ReadChar . . . . . . . . . . . .	P Near	 00000000 FLAT	Length= 00000000 External STDCALL
ReadConsoleA . . . . . . . . . .	P Near	 00000000 FLAT	Length= 00000000 External STDCALL
ReadConsoleInputA  . . . . . . .	P Near	 00000000 FLAT	Length= 00000000 External STDCALL
ReadDec  . . . . . . . . . . . .	P Near	 00000000 FLAT	Length= 00000000 External STDCALL
ReadFile . . . . . . . . . . . .	P Near	 00000000 FLAT	Length= 00000000 External STDCALL
ReadFloat  . . . . . . . . . . .	P Near	 00000000 FLAT	Length= 00000000 External STDCALL
ReadFromFile . . . . . . . . . .	P Near	 00000000 FLAT	Length= 00000000 External STDCALL
ReadHex  . . . . . . . . . . . .	P Near	 00000000 FLAT	Length= 00000000 External STDCALL
ReadInt  . . . . . . . . . . . .	P Near	 00000000 FLAT	Length= 00000000 External STDCALL
ReadKeyFlush . . . . . . . . . .	P Near	 00000000 FLAT	Length= 00000000 External STDCALL
ReadKey  . . . . . . . . . . . .	P Near	 00000000 FLAT	Length= 00000000 External STDCALL
ReadString . . . . . . . . . . .	P Near	 00000000 FLAT	Length= 00000000 External STDCALL
ReadVal  . . . . . . . . . . . .	P Near	 00000081 _TEXT	Length= 0000009F Public STDCALL
  Sign . . . . . . . . . . . . .	DWord	 bp - 00000004
  MultipliedVal  . . . . . . . .	DWord	 bp - 00000008
  _getString . . . . . . . . . .	L Near	 0000008B _TEXT	
  _minusSymbol . . . . . . . . .	L Near	 000000CD _TEXT	
  _plusSymbol  . . . . . . . . .	L Near	 000000D4 _TEXT	
  _charLoop  . . . . . . . . . .	L Near	 000000DC _TEXT	
  _positive  . . . . . . . . . .	L Near	 00000100 _TEXT	
  _notValid  . . . . . . . . . .	L Near	 0000010B _TEXT	
  _end . . . . . . . . . . . . .	L Near	 00000118 _TEXT	
SetConsoleCursorInfo . . . . . .	P Near	 00000000 FLAT	Length= 00000000 External STDCALL
SetConsoleCursorPosition . . . .	P Near	 00000000 FLAT	Length= 00000000 External STDCALL
SetConsoleMode . . . . . . . . .	P Near	 00000000 FLAT	Length= 00000000 External STDCALL
SetConsoleScreenBufferSize . . .	P Near	 00000000 FLAT	Length= 00000000 External STDCALL
SetConsoleTextAttribute  . . . .	P Near	 00000000 FLAT	Length= 00000000 External STDCALL
SetConsoleTitleA . . . . . . . .	P Near	 00000000 FLAT	Length= 00000000 External STDCALL
SetConsoleWindowInfo . . . . . .	P Near	 00000000 FLAT	Length= 00000000 External STDCALL
SetFilePointer . . . . . . . . .	P Near	 00000000 FLAT	Length= 00000000 External STDCALL
SetLocalTime . . . . . . . . . .	P Near	 00000000 FLAT	Length= 00000000 External STDCALL
SetTextColor . . . . . . . . . .	P Near	 00000000 FLAT	Length= 00000000 External STDCALL
ShowFPUStack . . . . . . . . . .	P Near	 00000000 FLAT	Length= 00000000 External STDCALL
Sleep  . . . . . . . . . . . . .	P Near	 00000000 FLAT	Length= 00000000 External STDCALL
StrLength  . . . . . . . . . . .	P Near	 00000000 FLAT	Length= 00000000 External STDCALL
Str_compare  . . . . . . . . . .	P Near	 00000000 FLAT	Length= 00000000 External STDCALL
Str_copy . . . . . . . . . . . .	P Near	 00000000 FLAT	Length= 00000000 External STDCALL
Str_length . . . . . . . . . . .	P Near	 00000000 FLAT	Length= 00000000 External STDCALL
Str_trim . . . . . . . . . . . .	P Near	 00000000 FLAT	Length= 00000000 External STDCALL
Str_ucase  . . . . . . . . . . .	P Near	 00000000 FLAT	Length= 00000000 External STDCALL
SystemTimeToFileTime . . . . . .	P Near	 00000000 FLAT	Length= 00000000 External STDCALL
WaitMsg  . . . . . . . . . . . .	P Near	 00000000 FLAT	Length= 00000000 External STDCALL
WriteBinB  . . . . . . . . . . .	P Near	 00000000 FLAT	Length= 00000000 External STDCALL
WriteBin . . . . . . . . . . . .	P Near	 00000000 FLAT	Length= 00000000 External STDCALL
WriteChar  . . . . . . . . . . .	P Near	 00000000 FLAT	Length= 00000000 External STDCALL
WriteConsoleA  . . . . . . . . .	P Near	 00000000 FLAT	Length= 00000000 External STDCALL
WriteConsoleOutputAttribute  . .	P Near	 00000000 FLAT	Length= 00000000 External STDCALL
WriteConsoleOutputCharacterA . .	P Near	 00000000 FLAT	Length= 00000000 External STDCALL
WriteDec . . . . . . . . . . . .	P Near	 00000000 FLAT	Length= 00000000 External STDCALL
WriteFile  . . . . . . . . . . .	P Near	 00000000 FLAT	Length= 00000000 External STDCALL
WriteFloat . . . . . . . . . . .	P Near	 00000000 FLAT	Length= 00000000 External STDCALL
WriteHexB  . . . . . . . . . . .	P Near	 00000000 FLAT	Length= 00000000 External STDCALL
WriteHex . . . . . . . . . . . .	P Near	 00000000 FLAT	Length= 00000000 External STDCALL
WriteInt . . . . . . . . . . . .	P Near	 00000000 FLAT	Length= 00000000 External STDCALL
WriteStackFrameName  . . . . . .	P Near	 00000000 FLAT	Length= 00000000 External STDCALL
WriteStackFrame  . . . . . . . .	P Near	 00000000 FLAT	Length= 00000000 External STDCALL
WriteString  . . . . . . . . . .	P Near	 00000000 FLAT	Length= 00000000 External STDCALL
WriteToFile  . . . . . . . . . .	P Near	 00000000 FLAT	Length= 00000000 External STDCALL
WriteVal . . . . . . . . . . . .	P Near	 00000120 _TEXT	Length= 00000086 Public STDCALL
  number . . . . . . . . . . . .	DWord	 bp - 00000004
  divisor  . . . . . . . . . . .	DWord	 bp - 00000008
  _digitCountLoop  . . . . . . .	L Near	 0000014D _TEXT	
  _digitToStringLoop . . . . . .	L Near	 0000016D _TEXT	
  _end . . . . . . . . . . . . .	L Near	 0000019C _TEXT	
WriteWindowsMsg  . . . . . . . .	P Near	 00000000 FLAT	Length= 00000000 External STDCALL
main . . . . . . . . . . . . . .	P Near	 00000000 _TEXT	Length= 00000081 Public STDCALL
printf . . . . . . . . . . . . .	P Near	 00000000 FLAT	Length= 00000000 External C
scanf  . . . . . . . . . . . . .	P Near	 00000000 FLAT	Length= 00000000 External C
wsprintfA  . . . . . . . . . . .	P Near	 00000000 FLAT	Length= 00000000 External C


Symbols:

                N a m e                 Type     Value    Attr

@CodeSize  . . . . . . . . . . .	Number	 00000000h   
@DataSize  . . . . . . . . . . .	Number	 00000000h   
@Interface . . . . . . . . . . .	Number	 00000003h   
@Model . . . . . . . . . . . . .	Number	 00000007h   
@code  . . . . . . . . . . . . .	Text   	 _TEXT
@data  . . . . . . . . . . . . .	Text   	 FLAT
@fardata?  . . . . . . . . . . .	Text   	 FLAT
@fardata . . . . . . . . . . . .	Text   	 FLAT
@stack . . . . . . . . . . . . .	Text   	 FLAT
ALT_MASK . . . . . . . . . . . .	Number	 00000003h   
CAPSLOCK_ON  . . . . . . . . . .	Number	 00000080h   
CREATE_ALWAYS  . . . . . . . . .	Number	 00000002h   
CREATE_NEW . . . . . . . . . . .	Number	 00000001h   
CTRL_MASK  . . . . . . . . . . .	Number	 0000000Ch   
CreateFile . . . . . . . . . . .	Text   	 CreateFileA
DO_NOT_SHARE . . . . . . . . . .	Number	 00000000h   
ENABLE_ECHO_INPUT  . . . . . . .	Number	 00000004h   
ENABLE_LINE_INPUT  . . . . . . .	Number	 00000002h   
ENABLE_MOUSE_INPUT . . . . . . .	Number	 00000010h   
ENABLE_PROCESSED_INPUT . . . . .	Number	 00000001h   
ENABLE_PROCESSED_OUTPUT  . . . .	Number	 00000001h   
ENABLE_WINDOW_INPUT  . . . . . .	Number	 00000008h   
ENABLE_WRAP_AT_EOL_OUTPUT  . . .	Number	 00000002h   
ENHANCED_KEY . . . . . . . . . .	Number	 00000100h   
FALSE  . . . . . . . . . . . . .	Number	 00000000h   
FILE_APPEND_DATA . . . . . . . .	Number	 00000004h   
FILE_ATTRIBUTE_ARCHIVE . . . . .	Number	 00000020h   
FILE_ATTRIBUTE_COMPRESSED  . . .	Number	 00000800h   
FILE_ATTRIBUTE_DEVICE  . . . . .	Number	 00000040h   
FILE_ATTRIBUTE_DIRECTORY . . . .	Number	 00000010h   
FILE_ATTRIBUTE_ENCRYPTED . . . .	Number	 00004000h   
FILE_ATTRIBUTE_HIDDEN  . . . . .	Number	 00000002h   
FILE_ATTRIBUTE_NORMAL  . . . . .	Number	 00000080h   
FILE_ATTRIBUTE_NOT_CONTENT_INDEXED .	Number	 00002000h   
FILE_ATTRIBUTE_OFFLINE . . . . .	Number	 00001000h   
FILE_ATTRIBUTE_READONLY  . . . .	Number	 00000001h   
FILE_ATTRIBUTE_REPARSE_POINT . .	Number	 00000400h   
FILE_ATTRIBUTE_SPARSE_FILE . . .	Number	 00000200h   
FILE_ATTRIBUTE_SYSTEM  . . . . .	Number	 00000004h   
FILE_ATTRIBUTE_TEMPORARY . . . .	Number	 00000100h   
FILE_BEGIN . . . . . . . . . . .	Number	 00000000h   
FILE_CURRENT . . . . . . . . . .	Number	 00000001h   
FILE_DELETE_CHILD  . . . . . . .	Number	 00000040h   
FILE_END . . . . . . . . . . . .	Number	 00000002h   
FILE_READ_DATA . . . . . . . . .	Number	 00000001h   
FILE_SHARE_DELETE  . . . . . . .	Number	 00000004h   
FILE_SHARE_READ  . . . . . . . .	Number	 00000001h   
FILE_SHARE_WRITE . . . . . . . .	Number	 00000002h   
FILE_WRITE_DATA  . . . . . . . .	Number	 00000002h   
FOCUS_EVENT  . . . . . . . . . .	Number	 00000010h   
FORMAT_MESSAGE_ALLOCATE_BUFFER .	Number	 00000100h   
FORMAT_MESSAGE_FROM_SYSTEM . . .	Number	 00001000h   
FormatMessage  . . . . . . . . .	Text   	 FormatMessageA
GENERIC_ALL  . . . . . . . . . .	Number	 10000000h   
GENERIC_EXECUTE  . . . . . . . .	Number	 20000000h   
GENERIC_READ . . . . . . . . . .	Number	 -80000000h   
GENERIC_WRITE  . . . . . . . . .	Number	 40000000h   
GetCommandLine . . . . . . . . .	Text   	 GetCommandLineA
HANDLE . . . . . . . . . . . . .	Text   	 DWORD
HEAP_GENERATE_EXCEPTIONS . . . .	Number	 00000004h   
HEAP_GROWABLE  . . . . . . . . .	Number	 00000002h   
HEAP_NO_SERIALIZE  . . . . . . .	Number	 00000001h   
HEAP_REALLOC_IN_PLACE_ONLY . . .	Number	 00000010h   
HEAP_ZERO_MEMORY . . . . . . . .	Number	 00000008h   
IDABORT  . . . . . . . . . . . .	Number	 00000003h   
IDCANCEL . . . . . . . . . . . .	Number	 00000002h   
IDCLOSE  . . . . . . . . . . . .	Number	 00000008h   
IDCONTINUE . . . . . . . . . . .	Number	 0000000Bh   
IDHELP . . . . . . . . . . . . .	Number	 00000009h   
IDIGNORE . . . . . . . . . . . .	Number	 00000005h   
IDNO . . . . . . . . . . . . . .	Number	 00000007h   
IDOK . . . . . . . . . . . . . .	Number	 00000001h   
IDRETRY  . . . . . . . . . . . .	Number	 00000004h   
IDTIMEOUT  . . . . . . . . . . .	Number	 00007D00h   
IDTRYAGAIN . . . . . . . . . . .	Number	 0000000Ah   
IDYES  . . . . . . . . . . . . .	Number	 00000006h   
INVALID_HANDLE_VALUE . . . . . .	Number	 -00000001h   
KBDOWN_FLAG  . . . . . . . . . .	Number	 00000001h   
KEY_EVENT  . . . . . . . . . . .	Number	 00000001h   
KEY_MASKS  . . . . . . . . . . .	Number	 0000001Fh   
LEFT_ALT_PRESSED . . . . . . . .	Number	 00000002h   
LEFT_CTRL_PRESSED  . . . . . . .	Number	 00000008h   
MB_ABORTRETRYIGNORE  . . . . . .	Number	 00000002h   
MB_APPLMODAL . . . . . . . . . .	Number	 00000000h   
MB_CANCELTRYCONTINUE . . . . . .	Number	 00000006h   
MB_DEFBUTTON1  . . . . . . . . .	Number	 00000000h   
MB_DEFBUTTON2  . . . . . . . . .	Number	 00000100h   
MB_DEFBUTTON3  . . . . . . . . .	Number	 00000200h   
MB_DEFBUTTON4  . . . . . . . . .	Number	 00000300h   
MB_HELP  . . . . . . . . . . . .	Number	 00004000h   
MB_ICONASTERISK  . . . . . . . .	Number	 00000040h   
MB_ICONERROR . . . . . . . . . .	Number	 00000010h   
MB_ICONEXCLAMATION . . . . . . .	Number	 00000030h   
MB_ICONHAND  . . . . . . . . . .	Number	 00000010h   
MB_ICONINFORMATION . . . . . . .	Number	 00000040h   
MB_ICONQUESTION  . . . . . . . .	Number	 00000020h   
MB_ICONSTOP  . . . . . . . . . .	Number	 00000010h   
MB_ICONWARNING . . . . . . . . .	Number	 00000030h   
MB_OKCANCEL  . . . . . . . . . .	Number	 00000001h   
MB_OK  . . . . . . . . . . . . .	Number	 00000000h   
MB_RETRYCANCEL . . . . . . . . .	Number	 00000005h   
MB_SYSTEMMODAL . . . . . . . . .	Number	 00001000h   
MB_TASKMODAL . . . . . . . . . .	Number	 00002000h   
MB_USERICON  . . . . . . . . . .	Number	 00000080h   
MB_YESNOCANCEL . . . . . . . . .	Number	 00000003h   
MB_YESNO . . . . . . . . . . . .	Number	 00000004h   
MENU_EVENT . . . . . . . . . . .	Number	 00000008h   
MOUSE_EVENT  . . . . . . . . . .	Number	 00000002h   
MessageBox . . . . . . . . . . .	Text   	 MessageBoxA
NULL . . . . . . . . . . . . . .	Number	 00000000h   
NUMLOCK_ON . . . . . . . . . . .	Number	 00000020h   
OPEN_ALWAYS  . . . . . . . . . .	Number	 00000004h   
OPEN_EXISTING  . . . . . . . . .	Number	 00000003h   
PeekConsoleInput . . . . . . . .	Text   	 PeekConsoleInputA
RIGHT_ALT_PRESSED  . . . . . . .	Number	 00000001h   
RIGHT_CTRL_PRESSED . . . . . . .	Number	 00000004h   
ReadConsoleInput . . . . . . . .	Text   	 ReadConsoleInputA
ReadConsole  . . . . . . . . . .	Text   	 ReadConsoleA
SCROLLLOCK_ON  . . . . . . . . .	Number	 00000040h   
SHIFT_MASK . . . . . . . . . . .	Number	 00000010h   
SHIFT_PRESSED  . . . . . . . . .	Number	 00000010h   
STD_ERROR_HANDLE . . . . . . . .	Number	 -0000000Ch   
STD_INPUT_HANDLE . . . . . . . .	Number	 -0000000Ah   
STD_OUTPUT_HANDLE  . . . . . . .	Number	 -0000000Bh   
SetConsoleTitle  . . . . . . . .	Text   	 SetConsoleTitleA
TAB  . . . . . . . . . . . . . .	Number	 00000009h   
TEST_COUNT . . . . . . . . . . .	Number	 0000000Ah   
TRUE . . . . . . . . . . . . . .	Number	 00000001h   
TRUNCATE_EXISTING  . . . . . . .	Number	 00000005h   
VK_11  . . . . . . . . . . . . .	Number	 000000BDh   
VK_12  . . . . . . . . . . . . .	Number	 000000BBh   
VK_ADD . . . . . . . . . . . . .	Number	 0000006Bh   
VK_BACK  . . . . . . . . . . . .	Number	 00000008h   
VK_CANCEL  . . . . . . . . . . .	Number	 00000003h   
VK_CAPITAL . . . . . . . . . . .	Number	 00000014h   
VK_CLEAR . . . . . . . . . . . .	Number	 0000000Ch   
VK_CONTROL . . . . . . . . . . .	Number	 00000011h   
VK_DECIMAL . . . . . . . . . . .	Number	 0000006Eh   
VK_DELETE  . . . . . . . . . . .	Number	 0000002Eh   
VK_DIVIDE  . . . . . . . . . . .	Number	 0000006Fh   
VK_DOWN  . . . . . . . . . . . .	Number	 00000028h   
VK_END . . . . . . . . . . . . .	Number	 00000023h   
VK_ESCAPE  . . . . . . . . . . .	Number	 0000001Bh   
VK_EXECUTE . . . . . . . . . . .	Number	 0000002Bh   
VK_F10 . . . . . . . . . . . . .	Number	 00000079h   
VK_F11 . . . . . . . . . . . . .	Number	 0000007Ah   
VK_F12 . . . . . . . . . . . . .	Number	 0000007Bh   
VK_F13 . . . . . . . . . . . . .	Number	 0000007Ch   
VK_F14 . . . . . . . . . . . . .	Number	 0000007Dh   
VK_F15 . . . . . . . . . . . . .	Number	 0000007Eh   
VK_F16 . . . . . . . . . . . . .	Number	 0000007Fh   
VK_F17 . . . . . . . . . . . . .	Number	 00000080h   
VK_F18 . . . . . . . . . . . . .	Number	 00000081h   
VK_F19 . . . . . . . . . . . . .	Number	 00000082h   
VK_F1  . . . . . . . . . . . . .	Number	 00000070h   
VK_F20 . . . . . . . . . . . . .	Number	 00000083h   
VK_F21 . . . . . . . . . . . . .	Number	 00000084h   
VK_F22 . . . . . . . . . . . . .	Number	 00000085h   
VK_F23 . . . . . . . . . . . . .	Number	 00000086h   
VK_F24 . . . . . . . . . . . . .	Number	 00000087h   
VK_F2  . . . . . . . . . . . . .	Number	 00000071h   
VK_F3  . . . . . . . . . . . . .	Number	 00000072h   
VK_F4  . . . . . . . . . . . . .	Number	 00000073h   
VK_F5  . . . . . . . . . . . . .	Number	 00000074h   
VK_F6  . . . . . . . . . . . . .	Number	 00000075h   
VK_F7  . . . . . . . . . . . . .	Number	 00000076h   
VK_F8  . . . . . . . . . . . . .	Number	 00000077h   
VK_F9  . . . . . . . . . . . . .	Number	 00000078h   
VK_HELP  . . . . . . . . . . . .	Number	 0000002Fh   
VK_HOME  . . . . . . . . . . . .	Number	 00000024h   
VK_INSERT  . . . . . . . . . . .	Number	 0000002Dh   
VK_LBUTTON . . . . . . . . . . .	Number	 00000001h   
VK_LCONTROL  . . . . . . . . . .	Number	 000000A2h   
VK_LEFT  . . . . . . . . . . . .	Number	 00000025h   
VK_LMENU . . . . . . . . . . . .	Number	 000000A4h   
VK_LSHIFT  . . . . . . . . . . .	Number	 000000A0h   
VK_MENU  . . . . . . . . . . . .	Number	 00000012h   
VK_MULTIPLY  . . . . . . . . . .	Number	 0000006Ah   
VK_NEXT  . . . . . . . . . . . .	Number	 00000022h   
VK_NUMLOCK . . . . . . . . . . .	Number	 00000090h   
VK_NUMPAD0 . . . . . . . . . . .	Number	 00000060h   
VK_NUMPAD1 . . . . . . . . . . .	Number	 00000061h   
VK_NUMPAD2 . . . . . . . . . . .	Number	 00000062h   
VK_NUMPAD3 . . . . . . . . . . .	Number	 00000063h   
VK_NUMPAD4 . . . . . . . . . . .	Number	 00000064h   
VK_NUMPAD5 . . . . . . . . . . .	Number	 00000065h   
VK_NUMPAD6 . . . . . . . . . . .	Number	 00000066h   
VK_NUMPAD7 . . . . . . . . . . .	Number	 00000067h   
VK_NUMPAD8 . . . . . . . . . . .	Number	 00000068h   
VK_NUMPAD9 . . . . . . . . . . .	Number	 00000069h   
VK_PAUSE . . . . . . . . . . . .	Number	 00000013h   
VK_PRINT . . . . . . . . . . . .	Number	 0000002Ah   
VK_PRIOR . . . . . . . . . . . .	Number	 00000021h   
VK_RBUTTON . . . . . . . . . . .	Number	 00000002h   
VK_RCONTROL  . . . . . . . . . .	Number	 000000A3h   
VK_RETURN  . . . . . . . . . . .	Number	 0000000Dh   
VK_RIGHT . . . . . . . . . . . .	Number	 00000027h   
VK_RMENU . . . . . . . . . . . .	Number	 000000A5h   
VK_RSHIFT  . . . . . . . . . . .	Number	 000000A1h   
VK_SCROLL  . . . . . . . . . . .	Number	 00000091h   
VK_SEPARATER . . . . . . . . . .	Number	 0000006Ch   
VK_SHIFT . . . . . . . . . . . .	Number	 00000010h   
VK_SNAPSHOT  . . . . . . . . . .	Number	 0000002Ch   
VK_SPACE . . . . . . . . . . . .	Number	 00000020h   
VK_SUBTRACT  . . . . . . . . . .	Number	 0000006Dh   
VK_TAB . . . . . . . . . . . . .	Number	 00000009h   
VK_UP  . . . . . . . . . . . . .	Number	 00000026h   
WINDOW_BUFFER_SIZE_EVENT . . . .	Number	 00000004h   
WriteConsoleOutputCharacter  . .	Text   	 WriteConsoleOutputCharacterA
WriteConsole . . . . . . . . . .	Text   	 WriteConsoleA
black  . . . . . . . . . . . . .	Number	 00000000h   
blue . . . . . . . . . . . . . .	Number	 00000001h   
brown  . . . . . . . . . . . . .	Number	 00000006h   
bytesRead  . . . . . . . . . . .	DWord	 00000054 _DATA	
cyan . . . . . . . . . . . . . .	Number	 00000003h   
exit . . . . . . . . . . . . . .	Text   	 INVOKE ExitProcess,0
gray . . . . . . . . . . . . . .	Number	 00000008h   
green  . . . . . . . . . . . . .	Number	 00000002h   
greeting . . . . . . . . . . . .	Byte	 00000058 _DATA	
instructions . . . . . . . . . .	Byte	 0000009D _DATA	
invalidMsg . . . . . . . . . . .	Byte	 000001B4 _DATA	
lightBlue  . . . . . . . . . . .	Number	 00000009h   
lightCyan  . . . . . . . . . . .	Number	 0000000Bh   
lightGray  . . . . . . . . . . .	Number	 00000007h   
lightGreen . . . . . . . . . . .	Number	 0000000Ah   
lightMagenta . . . . . . . . . .	Number	 0000000Dh   
lightRed . . . . . . . . . . . .	Number	 0000000Ch   
magenta  . . . . . . . . . . . .	Number	 00000005h   
numArray . . . . . . . . . . . .	DWord	 00000000 _DATA	
prompt . . . . . . . . . . . . .	Byte	 00000195 _DATA	
red  . . . . . . . . . . . . . .	Number	 00000004h   
stringIntInput . . . . . . . . .	Byte	 00000028 _DATA	
stringIntOutput  . . . . . . . .	Byte	 0000003C _DATA	
value  . . . . . . . . . . . . .	DWord	 00000050 _DATA	
white  . . . . . . . . . . . . .	Number	 0000000Fh   
wsprintf . . . . . . . . . . . .	Text   	 wsprintfA
yellow . . . . . . . . . . . . .	Number	 0000000Eh   

	   0 Warnings
	   0 Errors
